#
# There is insufficient memory for the Java Runtime Environment to continue.
# Native memory allocation (mmap) failed to map 134217728 bytes for Failed to commit area from 0x0000000081c00000 to 0x0000000089c00000 of length 134217728.
# Possible reasons:
#   The system is out of physical RAM or swap space
#   The process is running with CompressedOops enabled, and the Java Heap may be blocking the growth of the native heap
# Possible solutions:
#   Reduce memory load on the system
#   Increase physical memory or swap space
#   Check if swap backing store is full
#   Decrease Java heap size (-Xmx/-Xms)
#   Decrease number of Java threads
#   Decrease Java thread stack sizes (-Xss)
#   Set larger code cache with -XX:ReservedCodeCacheSize=
# This output file may be truncated or incomplete.
#
#  Out of Memory Error (./src/hotspot/os/windows/os_windows.cpp:3511), pid=8440, tid=12300
#
# JRE version:  (11.0.11+9) (build )
# Java VM: OpenJDK 64-Bit Server VM (11.0.11+9-b1504.16, mixed mode, sharing, tiered, compressed oops, g1 gc, windows-amd64)
# No core dump will be written. Minidumps are not enabled by default on client versions of Windows
#

---------------  S U M M A R Y ------------

Command Line: git4idea.http.GitAskPassApp Username for 'https://github.com': 

Host: Intel(R) Core(TM) i5-9300H CPU @ 2.40GHz, 8 cores, 7G,  Windows 10 , 64 bit Build 18362 (10.0.18362.329)
Time: Thu Nov 11 12:15:47 2021 West Asia Standard Time elapsed time: 0.087823 seconds (0d 0h 0m 0s)

---------------  T H R E A D  ---------------

Current thread (0x00000236a38db000):  JavaThread "Unknown thread" [_thread_in_vm, id=12300, stack(0x000000537ef00000,0x000000537f000000)]

Stack: [0x000000537ef00000,0x000000537f000000]
Native frames: (J=compiled Java code, j=interpreted, Vv=VM code, C=native code)
V  [jvm.dll+0x5f5d5a]
V  [jvm.dll+0x7798b5]
V  [jvm.dll+0x77aecd]
V  [jvm.dll+0x77b583]
V  [jvm.dll+0x244978]
V  [jvm.dll+0x5f3174]
V  [jvm.dll+0x5e7d55]
V  [jvm.dll+0x30068b]
V  [jvm.dll+0x3005fa]
V  [jvm.dll+0x3004d2]
V  [jvm.dll+0x3053c6]
V  [jvm.dll+0x34e0a3]
V  [jvm.dll+0x34e7a6]
V  [jvm.dll+0x34e1a3]
V  [jvm.dll+0x2db0c8]
V  [jvm.dll+0x2dc267]
V  [jvm.dll+0x758057]
V  [jvm.dll+0x75984c]
V  [jvm.dll+0x35b659]
V  [jvm.dll+0x73b67e]
V  [jvm.dll+0x3c39f3]
V  [jvm.dll+0x3c5dd1]
C  [jli.dll+0x5373]
C  [ucrtbase.dll+0x1d9f2]
C  [KERNEL32.DLL+0x17bd4]
C  [ntdll.dll+0x6cee1]


---------------  P R O C E S S  ---------------

Threads class SMR info:
_java_thread_list=0x00000236a16f5bf0, length=0, elements={
}

Java Threads: ( => current thread )

Other Threads:
  0x00000236a38f3000 GCTaskThread "GC Thread#0" [stack: 0x000000537f000000,0x000000537f100000] [id=8316]
  0x00000236a3926800 ConcurrentGCThread "G1 Main Marker" [stack: 0x000000537f100000,0x000000537f200000] [id=4964]
  0x00000236a3927800 ConcurrentGCThread "G1 Conc#0" [stack: 0x000000537f200000,0x000000537f300000] [id=12024]

[error occurred during error reporting (printing all threads), id 0xc0000005, EXCEPTION_ACCESS_VIOLATION (0xc0000005) at pc=0x00007ffba3c7b8f7]

VM state:not at safepoint (not fully initialized)

VM Mutex/Monitor currently owned by a thread:  ([mutex/lock_event])
[0x00000236a38da720] Heap_lock - owner thread: 0x00000236a38db000

Heap address: 0x0000000081c00000, size: 2020 MB, Compressed Oops mode: Non-zero based: 0x0000000081c00000
Narrow klass base: 0x0000000000000000, Narrow klass shift: 0

GC Heap History (0 events):
No events

Deoptimization events (0 events):
No events

Classes redefined (0 events):
No events

Internal exceptions (0 events):
No events

Events (1 events):
Event: 0.060 Loaded shared library D:\Apps\IntelliJ IDEA 2021.2.1\jbr\bin\zip.dll


Dynamic libraries:
0x00007ff722a90000 - 0x00007ff722a9a000 	D:\Apps\IntelliJ IDEA 2021.2.1\jbr\bin\java.exe
0x00007ffbd0420000 - 0x00007ffbd0610000 	C:\Windows\SYSTEM32\ntdll.dll
0x00007ffbcfd50000 - 0x00007ffbcfe02000 	C:\Windows\System32\KERNEL32.DLL
0x00007ffbcd820000 - 0x00007ffbcdac3000 	C:\Windows\System32\KERNELBASE.dll
0x00007ffbce3a0000 - 0x00007ffbce49a000 	C:\Windows\System32\ucrtbase.dll
0x00007ffbbeaf0000 - 0x00007ffbbeb09000 	D:\Apps\IntelliJ IDEA 2021.2.1\jbr\bin\jli.dll
0x00007ffbbead0000 - 0x00007ffbbeae7000 	D:\Apps\IntelliJ IDEA 2021.2.1\jbr\bin\VCRUNTIME140.dll
0x00007ffbce920000 - 0x00007ffbceab3000 	C:\Windows\System32\USER32.dll
0x00007ffbcd380000 - 0x00007ffbcd3a1000 	C:\Windows\System32\win32u.dll
0x00007ffbbd770000 - 0x00007ffbbd9f5000 	C:\Windows\WinSxS\amd64_microsoft.windows.common-controls_6595b64144ccf1df_6.0.18362.356_none_e6c4af7d130f27cc\COMCTL32.dll
0x00007ffbcfe40000 - 0x00007ffbcfe66000 	C:\Windows\System32\GDI32.dll
0x00007ffbceac0000 - 0x00007ffbceb5e000 	C:\Windows\System32\msvcrt.dll
0x00007ffbcd430000 - 0x00007ffbcd5c4000 	C:\Windows\System32\gdi32full.dll
0x00007ffbcdb80000 - 0x00007ffbcdc1e000 	C:\Windows\System32\msvcp_win.dll
0x00007ffbce4a0000 - 0x00007ffbce7d6000 	C:\Windows\System32\combase.dll
0x00007ffbcf540000 - 0x00007ffbcf660000 	C:\Windows\System32\RPCRT4.dll
0x00007ffbcdad0000 - 0x00007ffbcdb50000 	C:\Windows\System32\bcryptPrimitives.dll
0x00007ffbcfe10000 - 0x00007ffbcfe3e000 	C:\Windows\System32\IMM32.DLL
0x00007ffba9d60000 - 0x00007ffba9dfd000 	D:\Apps\IntelliJ IDEA 2021.2.1\jbr\bin\msvcp140.dll
0x00007ffba3990000 - 0x00007ffba44da000 	D:\Apps\IntelliJ IDEA 2021.2.1\jbr\bin\server\jvm.dll
0x00007ffbcf490000 - 0x00007ffbcf533000 	C:\Windows\System32\ADVAPI32.dll
0x00007ffbceb70000 - 0x00007ffbcec07000 	C:\Windows\System32\sechost.dll
0x00007ffbce910000 - 0x00007ffbce918000 	C:\Windows\System32\PSAPI.DLL
0x00007ffbb2070000 - 0x00007ffbb2079000 	C:\Windows\SYSTEM32\WSOCK32.dll
0x00007ffbc51e0000 - 0x00007ffbc51ea000 	C:\Windows\SYSTEM32\VERSION.dll
0x00007ffbcaad0000 - 0x00007ffbcaaf4000 	C:\Windows\SYSTEM32\WINMM.dll
0x00007ffbcfe70000 - 0x00007ffbcfedf000 	C:\Windows\System32\WS2_32.dll
0x00007ffbca650000 - 0x00007ffbca67d000 	C:\Windows\SYSTEM32\winmmbase.dll
0x00007ffbcd720000 - 0x00007ffbcd76a000 	C:\Windows\System32\cfgmgr32.dll
0x00007ffbcd2f0000 - 0x00007ffbcd301000 	C:\Windows\System32\kernel.appcore.dll
0x00007ffbc6bf0000 - 0x00007ffbc6c01000 	D:\Apps\IntelliJ IDEA 2021.2.1\jbr\bin\verify.dll
0x00007ffbcbbe0000 - 0x00007ffbcbdd4000 	C:\Windows\SYSTEM32\DBGHELP.DLL
0x00007ffbb7380000 - 0x00007ffbb73aa000 	C:\Windows\SYSTEM32\dbgcore.DLL
0x00007ffbc6af0000 - 0x00007ffbc6b19000 	D:\Apps\IntelliJ IDEA 2021.2.1\jbr\bin\java.dll
0x00007ffbc6df0000 - 0x00007ffbc6dfb000 	D:\Apps\IntelliJ IDEA 2021.2.1\jbr\bin\jimage.dll
0x00007ffbc6100000 - 0x00007ffbc6118000 	D:\Apps\IntelliJ IDEA 2021.2.1\jbr\bin\zip.dll

dbghelp: loaded successfully - version: 4.0.5 - missing functions: none
symbol engine: initialized successfully - sym options: 0x614 - pdb path: .;D:\Apps\IntelliJ IDEA 2021.2.1\jbr\bin;C:\Windows\SYSTEM32;C:\Windows\WinSxS\amd64_microsoft.windows.common-controls_6595b64144ccf1df_6.0.18362.356_none_e6c4af7d130f27cc;D:\Apps\IntelliJ IDEA 2021.2.1\jbr\bin\server

VM Arguments:
java_command: git4idea.http.GitAskPassApp Username for 'https://github.com': 
java_class_path (initial): D:/Apps/IntelliJ IDEA 2021.2.1/plugins/git4idea/lib/git4idea-rt.jar;D:/Apps/IntelliJ IDEA 2021.2.1/lib/3rd-party.jar
Launcher Type: SUN_STANDARD

[Global flags]
     intx CICompilerCount                          = 4                                         {product} {ergonomic}
     uint ConcGCThreads                            = 2                                         {product} {ergonomic}
     uint G1ConcRefinementThreads                  = 8                                         {product} {ergonomic}
   size_t G1HeapRegionSize                         = 1048576                                   {product} {ergonomic}
    uintx GCDrainStackTargetSize                   = 64                                        {product} {ergonomic}
   size_t InitialHeapSize                          = 134217728                                 {product} {ergonomic}
   size_t MarkStackSize                            = 4194304                                   {product} {ergonomic}
   size_t MaxHeapSize                              = 2118123520                                {product} {ergonomic}
   size_t MinHeapDeltaBytes                        = 1048576                                   {product} {ergonomic}
    uintx NonNMethodCodeHeapSize                   = 5836300                                {pd product} {ergonomic}
    uintx NonProfiledCodeHeapSize                  = 122910970                              {pd product} {ergonomic}
    uintx ProfiledCodeHeapSize                     = 122910970                              {pd product} {ergonomic}
    uintx ReservedCodeCacheSize                    = 251658240                              {pd product} {ergonomic}
     bool SegmentedCodeCache                       = true                                      {product} {ergonomic}
     bool UseCompressedClassPointers               = true                                 {lp64_product} {ergonomic}
     bool UseCompressedOops                        = true                                 {lp64_product} {ergonomic}
     bool UseG1GC                                  = true                                      {product} {ergonomic}
     bool UseLargePagesIndividualAllocation        = false                                  {pd product} {ergonomic}

Logging:
Log output configuration:
 #0: stdout all=warning uptime,level,tags
 #1: stderr all=off uptime,level,tags

Environment Variables:
JAVA_HOME=C:\Program Files\Java\jdk-11.0.12
PATH=C:\Program Files\Git\mingw64\libexec\git-core;C:\Program Files\Git\mingw64\libexec\git-core;C:\Program Files\Git\mingw64\bin;C:\Program Files\Git\usr\bin;C:\Users\User\bin;C:\Program Files\Common Files\Oracle\Java\javapath;C:\Windows\system32;C:\Windows;C:\Windows\System32\Wbem;C:\Windows\System32\WindowsPowerShell\v1.0;C:\Windows\System32\OpenSSH;C:\Program Files\Microsoft SQL Server\130\Tools\Binn;C:\Program Files\Microsoft SQL Server\Client SDK\ODBC\170\Tools\Binn;C:\Program Files\dotnet;C:\Program Files\Git\cmd;C:\Program Files\nodejs;C:\Program Files\Java\jdk-11.0.12\bin;C:\Program Files\PostgreSQL\13\bin;C:\Users\User\AppData\Local\Programs\Python\Python36-32\Scripts;C:\Users\User\AppData\Local\Programs\Python\Python36-32;C:\Users\User\AppData\Local\Microsoft\WindowsApps;C:\Program Files\JetBrains\PyCharm Community Edition 2020.2.2\bin;C:\Users\User\AppData\Local\Programs\Microsoft VS Code\bin;C:\Users\User\.dotnet\tools;C:\Users\User\AppData\Roaming\npm;C:\Program Files\heroku\bin;C:\src\flutter\bin
USERNAME=User
DISPLAY=:0.0
LC_ALL=en_US.UTF-8
OS=Windows_NT
PROCESSOR_IDENTIFIER=Intel64 Family 6 Model 158 Stepping 10, GenuineIntel



---------------  S Y S T E M  ---------------

OS: Windows 10 , 64 bit Build 18362 (10.0.18362.329)
OS uptime: 0 days 9:11 hours

CPU:total 8 (initial active 8) (4 cores per cpu, 2 threads per core) family 6 model 158 stepping 10 microcode 0xaa, cmov, cx8, fxsr, mmx, sse, sse2, sse3, ssse3, sse4.1, sse4.2, popcnt, avx, avx2, aes, clmul, erms, 3dnowpref, lzcnt, ht, tsc, tscinvbit, bmi1, bmi2, adx, fma

Memory: 4k page, system-wide physical 8072M (1517M free)
TotalPageFile size 8072M (AvailPageFile size 77M)
current process WorkingSet (physical memory assigned to process): 10M, peak: 10M
current process commit charge ("private bytes"): 60M, peak: 188M

vm_info: OpenJDK 64-Bit Server VM (11.0.11+9-b1504.16) for windows-amd64 JRE (11.0.11+9-b1504.16), built on Aug  9 2021 01:34:19 by "" with MS VC++ 14.0 (VS2015)

END.
